<?xml version="1.0" encoding="UTF-8"?>
<!-- Generated by org.testng.reporters.JUnitReportReporter -->
<testsuite skipped="0" hostname="DESKTOP-KVGTI8N" name="testng.test.Hotel" tests="3" failures="0" timestamp="29 Oct 2022 14:02:50 GMT" time="32.716" errors="0">
  <testcase name="tc01" time="16.186" classname="testng.test.Hotel"/>
  <testcase name="tc03" time="11.608" classname="testng.test.Hotel"/>
  <testcase name="tc02" time="4.922" classname="testng.test.Hotel"/>
</testsuite> <!-- testng.test.Hotel -->
