<?xml version="1.0" encoding="UTF-8"?>
<!-- Generated by org.testng.reporters.JUnitReportReporter -->
<testsuite skipped="0" hostname="DESKTOP-KVGTI8N" name="testng.test.TestNGTest" tests="8" failures="0" timestamp="31 Oct 2022 10:02:03 GMT" time="41.250" errors="0">
  <testcase name="tc04" time="0.016" classname="testng.test.TestNGTest"/>
  <testcase name="tc04" time="0.000" classname="testng.test.TestNGTest"/>
  <testcase name="tc04" time="0.015" classname="testng.test.TestNGTest"/>
  <testcase name="tc04" time="0.032" classname="testng.test.TestNGTest"/>
  <testcase name="tc04" time="0.000" classname="testng.test.TestNGTest"/>
  <testcase name="tc02" time="33.190" classname="testng.test.TestNGTest"/>
  <testcase name="tc03" time="0.000" classname="testng.test.TestNGTest"/>
  <testcase name="tc01" time="7.997" classname="testng.test.TestNGTest"/>
</testsuite> <!-- testng.test.TestNGTest -->
